2024-11-21 02:49:16,398 - ObsCloudMigrate - INFO - Compressed and saved image: D:/temp\kxTGyELVw4XTmly3dN0G_IMG_8188.jpg
2024-11-21 02:49:16,476 - ObsCloudMigrate - INFO - Compressed and saved image: D:/temp\5gvq5byVTKZbzGPVnncn_s01.jpg
2024-11-21 02:49:16,503 - ObsCloudMigrate - INFO - Compressed and saved image: D:/temp\IrFe24BNPUQXCr5SNYtX_s02.jpg
2024-11-21 02:49:16,555 - ObsCloudMigrate - INFO - Compressed and saved image: D:/temp\7kP41SgDf9SU2R0YTQvi_s03.jpg
2024-11-21 02:49:16,586 - ObsCloudMigrate - INFO - Compressed and saved image: D:/temp\xjN8SHps14smR1w2L0eo_s04.jpg
2024-11-21 02:52:11,304 - ObsCloudMigrate - INFO - Compressed and saved image: D:/temp\mWdAsIwbHr9qIhebgeFo_IMG_8188.jpg
2024-11-21 02:52:11,384 - ObsCloudMigrate - INFO - Compressed and saved image: D:/temp\NqsZlfl7a3EW35AY1yoO_s01.jpg
2024-11-21 02:52:11,411 - ObsCloudMigrate - INFO - Compressed and saved image: D:/temp\5d3whJtjO7tjUmYpfeKa_s02.jpg
2024-11-21 02:52:11,462 - ObsCloudMigrate - INFO - Compressed and saved image: D:/temp\V3ccW0VxXylhqbe6Po8J_s03.jpg
2024-11-21 02:52:11,494 - ObsCloudMigrate - INFO - Compressed and saved image: D:/temp\mlVqm7ETP7vE2WCyB0AA_s04.jpg
2024-11-21 02:52:11,541 - ObsCloudMigrate - INFO - Compressing video D:/temp\AlienPhoto Timelapse Tutorial Trailer.mp4 with new dimensions: 1080x608
2024-11-21 02:52:14,068 - ObsCloudMigrate - INFO - Compressed and saved video: D:/temp\9mdtNU1vRSmV2aEaY7Z5_AlienPhoto Timelapse Tutorial Trailer.mp4
2024-11-21 02:52:14,117 - ObsCloudMigrate - INFO - Compressing video D:/temp\ukr.mp4 with new dimensions: 1080x608
2024-11-21 02:52:16,659 - ObsCloudMigrate - INFO - Compressed and saved video: D:/temp\as16uSOepXXqqz1rMOaA_ukr.mp4
2024-11-21 02:52:16,693 - ObsCloudMigrate - INFO - Compressing video D:/temp\USGMOCT.mp4 with new dimensions: 1080x608
2024-11-21 02:52:20,850 - ObsCloudMigrate - INFO - Compressed and saved video: D:/temp\8jcDxhMX2VtObv2Gl3JB_USGMOCT.mp4
2024-11-21 02:52:20,893 - ObsCloudMigrate - INFO - Compressing video D:/temp\Wing Chun Element fighting.mp4 with new dimensions: 640x360
2024-11-21 02:52:25,233 - ObsCloudMigrate - INFO - Compressed and saved video: D:/temp\KkMLpCLtTrhKgdANi1OB_Wing Chun Element fighting.mp4
2024-11-21 02:52:57,796 - ObsCloudMigrate - INFO - Compressed and saved image: D:/temp\mA6y6qAljgskgvEeHXhF_IMG_8188.jpg
2024-11-21 02:52:57,873 - ObsCloudMigrate - INFO - Compressed and saved image: D:/temp\rnRCpwh0QKWn9Jx7Kh0W_s01.jpg
2024-11-21 02:52:57,902 - ObsCloudMigrate - INFO - Compressed and saved image: D:/temp\SQSspNMN28wkbdvaGvCP_s02.jpg
2024-11-21 02:52:57,955 - ObsCloudMigrate - INFO - Compressed and saved image: D:/temp\FSSV419qdzpF0EHlSlF9_s03.jpg
2024-11-21 02:52:57,986 - ObsCloudMigrate - INFO - Compressed and saved image: D:/temp\qURJP1roX8wfIznDrpvW_s04.jpg
2024-11-21 02:52:58,023 - ObsCloudMigrate - INFO - Compressing video D:/temp\ukr.mp4 with new dimensions: 1080x608
2024-11-21 02:53:00,547 - ObsCloudMigrate - INFO - Compressed and saved video: D:/temp\mnpygAi0T5SVZ4kLxKiY_ukr.mp4
2024-11-21 02:53:00,578 - ObsCloudMigrate - INFO - Compressing video D:/temp\USGMOCT.mp4 with new dimensions: 1080x608
2024-11-21 02:53:04,649 - ObsCloudMigrate - INFO - Compressed and saved video: D:/temp\P8DYVn5bevpAGd71O10C_USGMOCT.mp4
2024-11-21 02:53:04,683 - ObsCloudMigrate - INFO - Compressing video D:/temp\Wing Chun Element fighting.mp4 with new dimensions: 640x360
2024-11-21 02:53:08,893 - ObsCloudMigrate - INFO - Compressed and saved video: D:/temp\mFe5LharMggrXFDf05rK_Wing Chun Element fighting.mp4
2024-11-21 02:53:08,930 - ObsCloudMigrate - INFO - Compressing video D:/temp\sub\AlienPhoto Timelapse Tutorial Trailer.mp4 with new dimensions: 1080x608
2024-11-21 02:53:11,605 - ObsCloudMigrate - INFO - Compressed and saved video: D:/temp\sub\HwfWW8Pvj93r1hhxhL5X_AlienPhoto Timelapse Tutorial Trailer.mp4
2024-11-21 02:56:19,950 - ObsCloudMigrate - INFO - Vault directory updated to: D:/projects/shadcntest/test-vault
